1639144931100:add 1 2
1639144935703:add 2 3
1639144941719:add 4 6
1639144950627:-h
1639144976500:help
1639144994285:clear
1639145001069:help
1639145213208:sub 1 2
1639145520452:help add
1639217472281:print
1639217626897:exit
1639218086463:help
1639218095993:exit
1639222340687:help
1639222350193:exit
1639222362783:help
1639222373925:delete-by-id 11 12 2021
1639222387235:delete-by-id 11 12 2021 false
1639222400942:delete-by-id 11 12 2021 -w
1639222405071:delete-by-id 11 12 2021
1639222408350:stacktrace
1639223776043:exit
1639223789894:help
1639223795271:nothing
1639392835319:help
1639392843054:add 1 2
1639392847413:sub 3 1
1639392853390:add 0 1
1639392858846:sub 1 3
1639392911955:exit
1639392959021:connect
1639392964560:stacktrace
1639392971225:clear
1639392988374:claer
1639392990044:clear
1639392992977:exit
1639393329926:help
1639393342801:help connect
1639393365589:exit
1639405419936:clear
1639405471354:help
1639683347125:delete-by-id 17 12 2021
1639683662450:delete-by-id --date 17 --month 12 --year 2021 false
1639683669785:delete-by-id --date 17 --month 12 --year 2021 --write false
1639683692597:help delete-by-id
1639683709126:delete-by-id --date 17 --month 12 --year 2021 --write
1639683745164:exit
1639683782198:delete-by-id 17 12 2021
1639683860515:exit
1639683896366:delete-by-id 17 12 2021
1639684106033:exit
1639684150594:delete-by-date 17 12 2021
1639684411463:exit
1639685628619:help
1639685633669:delete-by-date 17 12 2021
1639685750496:clear
1639685751936:exit
1639685784382:delete-by-date
1639685789358:delete-by-date 17 12 2021
1639685887137:exit
1639685938405:delete-by-date 17 12 2021
1639686127422:clear
1639686128245:ls
1639686135947:help
1639687324735:exit
1639687492161:help
1639687507947:download gamakshi@iik.ac.in
1639687527753:clear
1639687542656:ls
1639687545239:exit
1639687701691:download help
1639687720086:clear
1639687730749:help download
1639687747564:download --email gamakshi@iitk.ac.in
1639687809290:clear
1639687817941:exit
1639687852668:help
1639687867464:help dbd
1639688652915:exit
1639688697984:download gamakshi@iitk.ac.in
1639688912218:exit
1639688990045:download gamakshi@iitk.ac.in
1639689050234:exit
1639689569094:download gamakshi@iitk.ac.in
1639689728320:exit
1639689771859:download gamakshi@iitk.ac.in
1639689920818:exit
